[2021-02-07 22:19:21,618] multiqc                                            [DEBUG  ]  No MultiQC config found: /gscratch/srlab/programs/anaconda3/lib/python3.7/site-packages/multiqc_config.yaml
[2021-02-07 22:19:21,618] multiqc                                            [DEBUG  ]  No MultiQC config found: /usr/lusers/yaaminiv/.multiqc_config.yaml
[2021-02-07 22:19:21,618] multiqc                                            [DEBUG  ]  No MultiQC config found: multiqc_config.yaml
[2021-02-07 22:19:21,618] multiqc                                            [DEBUG  ]  Command used: /gscratch/srlab/programs/anaconda3/bin/multiqc /gscratch/scrubbed/yaaminiv/Manchester/analyses/trimgalore-2/poly-G/.
[2021-02-07 22:19:26,907] multiqc                                            [DEBUG  ]  Could not connect to multiqc.info for version check: <urlopen error timed out>
[2021-02-07 22:19:26,907] multiqc                                            [INFO   ]  This is MultiQC v1.8
[2021-02-07 22:19:26,908] multiqc                                            [DEBUG  ]  Command     : /gscratch/srlab/programs/anaconda3/bin/multiqc /gscratch/scrubbed/yaaminiv/Manchester/analyses/trimgalore-2/poly-G/.
[2021-02-07 22:19:26,908] multiqc                                            [DEBUG  ]  Working dir : /gscratch/scrubbed/yaaminiv/Manchester/analyses/trimgalore
[2021-02-07 22:19:26,908] multiqc                                            [INFO   ]  Template    : default
[2021-02-07 22:19:26,908] multiqc                                            [DEBUG  ]  Running Python 3.7.3 (default, Mar 27 2019, 22:11:17)  [GCC 7.3.0]
[2021-02-07 22:19:26,908] multiqc                                            [INFO   ]  Searching   : /gscratch/scrubbed/yaaminiv/Manchester/analyses/trimgalore-2/poly-G
[2021-02-07 22:19:26,909] multiqc                                            [DEBUG  ]  Analysing modules: custom_content, conpair, peddy, methylQA, phantompeakqualtools, qualimap, preseq, quast, qorts, rna_seqc, rsem, rseqc, busco, goleft_indexcov, disambiguate, supernova, deeptools, sargasso, verifybamid, mirtrace, happy, homer, macs2, theta2, snpeff, gatk, htseq, bcftools, featureCounts, fgbio, dedup, damageprofiler, biobambam2, mtnucratio, picard, prokka, samblaster, samtools, sexdeterrmine, bamtools, jellyfish, vcftools, longranger, stacks, bbmap, bismark, biscuit, hicexplorer, hicup, hicpro, salmon, kallisto, slamdunk, star, hisat2, tophat, bowtie2, bowtie1, kat, leehom, adapterRemoval, clipandmerge, cutadapt, flexbar, trimmomatic, skewer, sortmerna, biobloomtools, fastq_screen, afterqc, fastp, fastqc, minionqc, mosdepth, clusterflow, bcl2fastq, interop, flash, seqyclean
[2021-02-07 22:19:26,909] multiqc                                            [DEBUG  ]  Using temporary directory for creating report: /tmp/tmpsc8gq7t6
[2021-02-07 22:19:28,622] multiqc                                            [DEBUG  ]  Ignoring file as matched an ignore pattern: zr3616_3_R2_val_2_val_2_val_2_fastqc.html
[2021-02-07 22:19:28,643] multiqc                                            [DEBUG  ]  Ignoring file as matched an ignore pattern: zr3616_7_R2_val_2_val_2_val_2.fq.gz
[2021-02-07 22:19:28,705] multiqc                                            [DEBUG  ]  File ignored by hicexplorer because it exceeded search pattern filesize limit: zr3616_2_R2_val_2_val_2.fq.gz_trimming_report.txt
[2021-02-07 22:19:28,709] multiqc                                            [DEBUG  ]  File ignored by longranger/invocation because it exceeded search pattern filesize limit: zr3616_2_R2_val_2_val_2.fq.gz_trimming_report.txt
[2021-02-07 22:19:28,771] multiqc                                            [DEBUG  ]  Ignoring file as matched an ignore pattern: zr3616_6_R2_val_2_val_2_val_2.fq.gz
[2021-02-07 22:19:28,792] multiqc                                            [DEBUG  ]  File ignored by hicexplorer because it exceeded search pattern filesize limit: zr3616_1_R2_val_2_val_2.fq.gz_trimming_report.txt
[2021-02-07 22:19:28,795] multiqc                                            [DEBUG  ]  File ignored by longranger/invocation because it exceeded search pattern filesize limit: zr3616_1_R2_val_2_val_2.fq.gz_trimming_report.txt
[2021-02-07 22:19:28,855] multiqc                                            [DEBUG  ]  File ignored by hicexplorer because it exceeded search pattern filesize limit: zr3616_8_R1_val_1_val_1.fq.gz_trimming_report.txt
[2021-02-07 22:19:28,858] multiqc                                            [DEBUG  ]  File ignored by longranger/invocation because it exceeded search pattern filesize limit: zr3616_8_R1_val_1_val_1.fq.gz_trimming_report.txt
[2021-02-07 22:19:28,877] multiqc                                            [DEBUG  ]  Ignoring file as matched an ignore pattern: zr3616_3_R1_val_1_val_1_val_1_fastqc.html
[2021-02-07 22:19:28,877] multiqc                                            [DEBUG  ]  Ignoring file as matched an ignore pattern: zr3616_2_R2_val_2_val_2_val_2_fastqc.html
[2021-02-07 22:19:28,877] multiqc                                            [DEBUG  ]  Ignoring file as matched an ignore pattern: zr3616_1_R2_val_2_val_2_val_2.fq.gz
[2021-02-07 22:19:28,922] multiqc                                            [DEBUG  ]  File ignored by hicexplorer because it exceeded search pattern filesize limit: zr3616_4_R1_val_1_val_1.fq.gz_trimming_report.txt
[2021-02-07 22:19:28,925] multiqc                                            [DEBUG  ]  File ignored by longranger/invocation because it exceeded search pattern filesize limit: zr3616_4_R1_val_1_val_1.fq.gz_trimming_report.txt
[2021-02-07 22:19:28,944] multiqc                                            [DEBUG  ]  Ignoring file as matched an ignore pattern: zr3616_5_R2_val_2_val_2_val_2.fq.gz
[2021-02-07 22:19:28,944] multiqc                                            [DEBUG  ]  Ignoring file as matched an ignore pattern: zr3616_5_R1_val_1_val_1_val_1.fq.gz
[2021-02-07 22:19:28,985] multiqc                                            [DEBUG  ]  File ignored by hicexplorer because it exceeded search pattern filesize limit: zr3616_7_R1_val_1_val_1.fq.gz_trimming_report.txt
[2021-02-07 22:19:28,988] multiqc                                            [DEBUG  ]  File ignored by longranger/invocation because it exceeded search pattern filesize limit: zr3616_7_R1_val_1_val_1.fq.gz_trimming_report.txt
[2021-02-07 22:19:29,006] multiqc                                            [DEBUG  ]  Ignoring file as matched an ignore pattern: zr3616_2_R1_val_1_val_1_val_1_fastqc.html
[2021-02-07 22:19:29,154] multiqc                                            [DEBUG  ]  File ignored by hicexplorer because it exceeded search pattern filesize limit: zr3616_8_R2_val_2_val_2.fq.gz_trimming_report.txt
[2021-02-07 22:19:29,157] multiqc                                            [DEBUG  ]  File ignored by longranger/invocation because it exceeded search pattern filesize limit: zr3616_8_R2_val_2_val_2.fq.gz_trimming_report.txt
[2021-02-07 22:19:29,176] multiqc                                            [DEBUG  ]  Ignoring file as matched an ignore pattern: zr3616_7_R2_val_2_val_2_val_2_fastqc.html
[2021-02-07 22:19:29,176] multiqc                                            [DEBUG  ]  Ignoring file as matched an ignore pattern: zr3616_6_R1_val_1_val_1_val_1_fastqc.html
[2021-02-07 22:19:29,208] multiqc                                            [DEBUG  ]  File ignored by hicexplorer because it exceeded search pattern filesize limit: zr3616_6_R1_val_1_val_1.fq.gz_trimming_report.txt
[2021-02-07 22:19:29,210] multiqc                                            [DEBUG  ]  File ignored by longranger/invocation because it exceeded search pattern filesize limit: zr3616_6_R1_val_1_val_1.fq.gz_trimming_report.txt
[2021-02-07 22:19:29,229] multiqc                                            [DEBUG  ]  Ignoring file as matched an ignore pattern: zr3616_6_R1_val_1_val_1_val_1.fq.gz
[2021-02-07 22:19:29,229] multiqc                                            [DEBUG  ]  Ignoring file as matched an ignore pattern: zr3616_3_R2_val_2_val_2_val_2.fq.gz
[2021-02-07 22:19:29,247] multiqc                                            [DEBUG  ]  File ignored by hicexplorer because it exceeded search pattern filesize limit: zr3616_5_R1_val_1_val_1.fq.gz_trimming_report.txt
[2021-02-07 22:19:29,250] multiqc                                            [DEBUG  ]  File ignored by longranger/invocation because it exceeded search pattern filesize limit: zr3616_5_R1_val_1_val_1.fq.gz_trimming_report.txt
[2021-02-07 22:19:29,265] multiqc                                            [DEBUG  ]  Ignoring file as matched an ignore pattern: zr3616_1_R1_val_1_val_1_val_1.fq.gz
[2021-02-07 22:19:29,265] multiqc                                            [DEBUG  ]  Ignoring file as matched an ignore pattern: zr3616_4_R1_val_1_val_1_val_1.fq.gz
[2021-02-07 22:19:29,365] multiqc                                            [DEBUG  ]  File ignored by hicexplorer because it exceeded search pattern filesize limit: zr3616_4_R2_val_2_val_2.fq.gz_trimming_report.txt
[2021-02-07 22:19:29,367] multiqc                                            [DEBUG  ]  File ignored by longranger/invocation because it exceeded search pattern filesize limit: zr3616_4_R2_val_2_val_2.fq.gz_trimming_report.txt
[2021-02-07 22:19:29,455] multiqc                                            [DEBUG  ]  File ignored by hicexplorer because it exceeded search pattern filesize limit: zr3616_3_R1_val_1_val_1.fq.gz_trimming_report.txt
[2021-02-07 22:19:29,458] multiqc                                            [DEBUG  ]  File ignored by longranger/invocation because it exceeded search pattern filesize limit: zr3616_3_R1_val_1_val_1.fq.gz_trimming_report.txt
[2021-02-07 22:19:29,549] multiqc                                            [DEBUG  ]  File ignored by hicexplorer because it exceeded search pattern filesize limit: zr3616_5_R2_val_2_val_2.fq.gz_trimming_report.txt
[2021-02-07 22:19:29,551] multiqc                                            [DEBUG  ]  File ignored by longranger/invocation because it exceeded search pattern filesize limit: zr3616_5_R2_val_2_val_2.fq.gz_trimming_report.txt
[2021-02-07 22:19:29,591] multiqc                                            [DEBUG  ]  File ignored by hicexplorer because it exceeded search pattern filesize limit: zr3616_6_R2_val_2_val_2.fq.gz_trimming_report.txt
[2021-02-07 22:19:29,594] multiqc                                            [DEBUG  ]  File ignored by longranger/invocation because it exceeded search pattern filesize limit: zr3616_6_R2_val_2_val_2.fq.gz_trimming_report.txt
[2021-02-07 22:19:29,611] multiqc                                            [DEBUG  ]  Ignoring file as matched an ignore pattern: zr3616_3_R1_val_1_val_1_val_1.fq.gz
[2021-02-07 22:19:29,612] multiqc                                            [DEBUG  ]  Ignoring file as matched an ignore pattern: zr3616_1_R2_val_2_val_2_val_2_fastqc.html
[2021-02-07 22:19:29,612] multiqc                                            [DEBUG  ]  Ignoring file as matched an ignore pattern: zr3616_7_R1_val_1_val_1_val_1_fastqc.html
[2021-02-07 22:19:29,612] multiqc                                            [DEBUG  ]  Ignoring file as matched an ignore pattern: zr3616_4_R1_val_1_val_1_val_1_fastqc.html
[2021-02-07 22:19:29,612] multiqc                                            [DEBUG  ]  Ignoring file as matched an ignore pattern: zr3616_4_R2_val_2_val_2_val_2.fq.gz
[2021-02-07 22:19:29,613] multiqc                                            [DEBUG  ]  Ignoring file as matched an ignore pattern: zr3616_2_R1_val_1_val_1_val_1.fq.gz
[2021-02-07 22:19:29,614] multiqc                                            [DEBUG  ]  Ignoring file as matched an ignore pattern: zr3616_5_R1_val_1_val_1_val_1_fastqc.html
[2021-02-07 22:19:29,647] multiqc                                            [DEBUG  ]  File ignored by hicexplorer because it exceeded search pattern filesize limit: zr3616_3_R2_val_2_val_2.fq.gz_trimming_report.txt
[2021-02-07 22:19:29,650] multiqc                                            [DEBUG  ]  File ignored by longranger/invocation because it exceeded search pattern filesize limit: zr3616_3_R2_val_2_val_2.fq.gz_trimming_report.txt
[2021-02-07 22:19:29,669] multiqc                                            [DEBUG  ]  Ignoring file as matched an ignore pattern: zr3616_6_R2_val_2_val_2_val_2_fastqc.html
[2021-02-07 22:19:29,687] multiqc                                            [DEBUG  ]  File ignored by hicexplorer because it exceeded search pattern filesize limit: zr3616_7_R2_val_2_val_2.fq.gz_trimming_report.txt
[2021-02-07 22:19:29,689] multiqc                                            [DEBUG  ]  File ignored by longranger/invocation because it exceeded search pattern filesize limit: zr3616_7_R2_val_2_val_2.fq.gz_trimming_report.txt
[2021-02-07 22:19:29,704] multiqc                                            [DEBUG  ]  Ignoring file as matched an ignore pattern: zr3616_8_R1_val_1_val_1_val_1_fastqc.html
[2021-02-07 22:19:29,705] multiqc                                            [DEBUG  ]  Ignoring file as matched an ignore pattern: zr3616_2_R2_val_2_val_2_val_2.fq.gz
[2021-02-07 22:19:29,705] multiqc                                            [DEBUG  ]  Ignoring file as matched an ignore pattern: zr3616_5_R2_val_2_val_2_val_2_fastqc.html
[2021-02-07 22:19:29,750] multiqc                                            [DEBUG  ]  File ignored by hicexplorer because it exceeded search pattern filesize limit: zr3616_1_R1_val_1_val_1.fq.gz_trimming_report.txt
[2021-02-07 22:19:29,753] multiqc                                            [DEBUG  ]  File ignored by longranger/invocation because it exceeded search pattern filesize limit: zr3616_1_R1_val_1_val_1.fq.gz_trimming_report.txt
[2021-02-07 22:19:29,772] multiqc                                            [DEBUG  ]  Ignoring file as matched an ignore pattern: zr3616_8_R2_val_2_val_2_val_2.fq.gz
[2021-02-07 22:19:29,789] multiqc                                            [DEBUG  ]  File ignored by hicexplorer because it exceeded search pattern filesize limit: zr3616_2_R1_val_1_val_1.fq.gz_trimming_report.txt
[2021-02-07 22:19:29,791] multiqc                                            [DEBUG  ]  File ignored by longranger/invocation because it exceeded search pattern filesize limit: zr3616_2_R1_val_1_val_1.fq.gz_trimming_report.txt
[2021-02-07 22:19:29,807] multiqc                                            [DEBUG  ]  Ignoring file as matched an ignore pattern: zr3616_8_R2_val_2_val_2_val_2_fastqc.html
[2021-02-07 22:19:29,807] multiqc                                            [DEBUG  ]  Ignoring file as matched an ignore pattern: zr3616_7_R1_val_1_val_1_val_1.fq.gz
[2021-02-07 22:19:29,807] multiqc                                            [DEBUG  ]  Ignoring file as matched an ignore pattern: zr3616_1_R1_val_1_val_1_val_1_fastqc.html
[2021-02-07 22:19:29,808] multiqc                                            [DEBUG  ]  Ignoring file as matched an ignore pattern: zr3616_4_R2_val_2_val_2_val_2_fastqc.html
[2021-02-07 22:19:29,808] multiqc                                            [DEBUG  ]  Ignoring file as matched an ignore pattern: zr3616_8_R1_val_1_val_1_val_1.fq.gz
[2021-02-07 22:19:43,293] multiqc.plots.bargraph                             [DEBUG  ]  Using matplotlib version 2.2.4
[2021-02-07 22:19:43,401] multiqc.plots.linegraph                            [DEBUG  ]  Using matplotlib version 2.2.4
[2021-02-07 22:19:43,437] multiqc                                            [DEBUG  ]  No samples found: custom_content
[2021-02-07 22:19:43,615] multiqc                                            [DEBUG  ]  No samples found: conpair
[2021-02-07 22:19:43,761] multiqc                                            [DEBUG  ]  No samples found: peddy
[2021-02-07 22:19:43,897] multiqc                                            [DEBUG  ]  No samples found: methylQA
[2021-02-07 22:19:43,922] multiqc                                            [DEBUG  ]  No samples found: phantompeakqualtools
[2021-02-07 22:19:44,044] multiqc                                            [DEBUG  ]  No samples found: qualimap
[2021-02-07 22:19:44,099] multiqc                                            [DEBUG  ]  No samples found: preseq
[2021-02-07 22:19:44,187] multiqc                                            [DEBUG  ]  No samples found: quast
[2021-02-07 22:19:44,229] multiqc                                            [DEBUG  ]  No samples found: qorts
[2021-02-07 22:19:44,275] multiqc                                            [DEBUG  ]  No samples found: rna_seqc
[2021-02-07 22:19:44,356] multiqc                                            [DEBUG  ]  No samples found: rsem
[2021-02-07 22:19:44,545] multiqc                                            [DEBUG  ]  No samples found: rseqc
[2021-02-07 22:19:44,617] multiqc                                            [DEBUG  ]  No samples found: busco
[2021-02-07 22:19:44,719] multiqc                                            [DEBUG  ]  No samples found: goleft_indexcov
[2021-02-07 22:19:44,778] multiqc                                            [DEBUG  ]  No samples found: disambiguate
[2021-02-07 22:19:44,800] multiqc                                            [DEBUG  ]  No samples found: supernova
[2021-02-07 22:19:44,936] multiqc                                            [DEBUG  ]  No samples found: deeptools
[2021-02-07 22:19:44,969] multiqc                                            [DEBUG  ]  No samples found: sargasso
[2021-02-07 22:19:45,155] multiqc                                            [DEBUG  ]  No samples found: verifybamid
[2021-02-07 22:19:45,184] multiqc                                            [DEBUG  ]  No samples found: mirtrace
[2021-02-07 22:19:45,215] multiqc                                            [DEBUG  ]  No samples found: happy
[2021-02-07 22:19:45,280] multiqc                                            [DEBUG  ]  No samples found: homer
[2021-02-07 22:19:45,337] multiqc                                            [DEBUG  ]  No samples found: macs2
[2021-02-07 22:19:45,408] multiqc                                            [DEBUG  ]  No samples found: theta2
[2021-02-07 22:19:45,419] multiqc                                            [DEBUG  ]  No samples found: snpeff
[2021-02-07 22:19:45,518] multiqc                                            [DEBUG  ]  No samples found: gatk
[2021-02-07 22:19:45,545] multiqc                                            [DEBUG  ]  No samples found: htseq
[2021-02-07 22:19:45,591] multiqc                                            [DEBUG  ]  No samples found: bcftools
[2021-02-07 22:19:45,600] multiqc                                            [DEBUG  ]  No samples found: featureCounts
[2021-02-07 22:19:45,611] multiqc                                            [DEBUG  ]  No samples found: fgbio
[2021-02-07 22:19:45,620] multiqc                                            [DEBUG  ]  No samples found: dedup
[2021-02-07 22:19:45,659] multiqc                                            [DEBUG  ]  No samples found: damageprofiler
[2021-02-07 22:19:45,971] multiqc                                            [DEBUG  ]  No samples found: biobambam2
[2021-02-07 22:19:46,045] multiqc                                            [DEBUG  ]  No samples found: mtnucratio
[2021-02-07 22:19:46,051] multiqc                                            [DEBUG  ]  No samples found: picard
[2021-02-07 22:19:46,097] multiqc                                            [DEBUG  ]  No samples found: prokka
[2021-02-07 22:19:46,107] multiqc                                            [DEBUG  ]  No samples found: samblaster
[2021-02-07 22:19:46,189] multiqc                                            [DEBUG  ]  No samples found: samtools
[2021-02-07 22:19:46,285] multiqc                                            [DEBUG  ]  No samples found: sexdeterrmine
[2021-02-07 22:19:46,659] multiqc                                            [DEBUG  ]  No samples found: bamtools
[2021-02-07 22:19:46,669] multiqc                                            [DEBUG  ]  No samples found: jellyfish
[2021-02-07 22:19:46,739] multiqc                                            [DEBUG  ]  No samples found: vcftools
[2021-02-07 22:19:46,750] multiqc                                            [DEBUG  ]  No samples found: longranger
[2021-02-07 22:19:46,760] multiqc                                            [DEBUG  ]  No samples found: stacks
[2021-02-07 22:19:46,859] multiqc                                            [DEBUG  ]  No samples found: bbmap
[2021-02-07 22:19:46,889] multiqc                                            [DEBUG  ]  No samples found: bismark
[2021-02-07 22:19:47,022] multiqc                                            [DEBUG  ]  No samples found: biscuit
[2021-02-07 22:19:47,033] multiqc                                            [DEBUG  ]  No samples found: hicexplorer
[2021-02-07 22:19:47,073] multiqc                                            [DEBUG  ]  No samples found: hicup
[2021-02-07 22:19:47,164] multiqc                                            [DEBUG  ]  No samples found: hicpro
[2021-02-07 22:19:47,174] multiqc                                            [DEBUG  ]  No samples found: salmon
[2021-02-07 22:19:47,211] multiqc                                            [DEBUG  ]  No samples found: kallisto
[2021-02-07 22:19:47,287] multiqc                                            [DEBUG  ]  No samples found: slamdunk
[2021-02-07 22:19:47,375] multiqc                                            [DEBUG  ]  No samples found: star
[2021-02-07 22:19:47,411] multiqc                                            [DEBUG  ]  No samples found: hisat2
[2021-02-07 22:19:47,428] multiqc                                            [DEBUG  ]  No samples found: tophat
[2021-02-07 22:19:47,455] multiqc                                            [DEBUG  ]  No samples found: bowtie2
[2021-02-07 22:19:47,464] multiqc                                            [DEBUG  ]  No samples found: bowtie1
[2021-02-07 22:19:47,472] multiqc                                            [DEBUG  ]  No samples found: kat
[2021-02-07 22:19:47,480] multiqc                                            [DEBUG  ]  No samples found: leehom
[2021-02-07 22:19:47,645] multiqc                                            [DEBUG  ]  No samples found: adapterRemoval
[2021-02-07 22:19:47,655] multiqc                                            [DEBUG  ]  No samples found: clipandmerge
[2021-02-07 22:19:47,895] multiqc.modules.cutadapt.cutadapt                  [INFO   ]  Found 16 reports
[2021-02-07 22:19:47,924] multiqc                                            [DEBUG  ]  No samples found: flexbar
[2021-02-07 22:19:47,933] multiqc                                            [DEBUG  ]  No samples found: trimmomatic
[2021-02-07 22:19:48,087] multiqc                                            [DEBUG  ]  No samples found: skewer
[2021-02-07 22:19:48,097] multiqc                                            [DEBUG  ]  No samples found: sortmerna
[2021-02-07 22:19:48,118] multiqc                                            [DEBUG  ]  No samples found: biobloomtools
[2021-02-07 22:19:48,128] multiqc                                            [DEBUG  ]  No samples found: fastq_screen
[2021-02-07 22:19:48,203] multiqc                                            [DEBUG  ]  No samples found: afterqc
[2021-02-07 22:19:48,213] multiqc                                            [DEBUG  ]  No samples found: fastp
[2021-02-07 22:19:55,305] multiqc.modules.fastqc.fastqc                      [INFO   ]  Found 16 reports
[2021-02-07 22:19:55,677] multiqc                                            [DEBUG  ]  No samples found: minionqc
[2021-02-07 22:19:55,712] multiqc                                            [DEBUG  ]  No samples found: mosdepth
[2021-02-07 22:19:55,725] multiqc                                            [DEBUG  ]  No samples found: clusterflow
[2021-02-07 22:19:55,756] multiqc                                            [DEBUG  ]  No samples found: bcl2fastq
[2021-02-07 22:19:55,777] multiqc                                            [DEBUG  ]  No samples found: interop
[2021-02-07 22:19:55,839] multiqc                                            [DEBUG  ]  No samples found: flash
[2021-02-07 22:19:55,913] multiqc                                            [DEBUG  ]  No samples found: seqyclean
[2021-02-07 22:19:55,966] multiqc                                            [INFO   ]  Compressing plot data
[2021-02-07 22:19:56,413] multiqc                                            [WARNING]  Previous MultiQC output found! Adjusting filenames..
[2021-02-07 22:19:56,413] multiqc                                            [WARNING]  Use -f or --force to overwrite existing reports instead
[2021-02-07 22:19:56,414] multiqc                                            [INFO   ]  Report      : multiqc_report_5.html
[2021-02-07 22:19:56,414] multiqc                                            [INFO   ]  Data        : multiqc_data_5
[2021-02-07 22:19:56,437] multiqc                                            [DEBUG  ]  Moving data file from '/tmp/tmpsc8gq7t6/multiqc_data/multiqc_qualimap_bamqc_genome_results.txt' to '/gscratch/scrubbed/yaaminiv/Manchester/analyses/trimgalore/multiqc_data_5'
[2021-02-07 22:19:56,439] multiqc                                            [DEBUG  ]  Moving data file from '/tmp/tmpsc8gq7t6/multiqc_data/multiqc_cutadapt.txt' to '/gscratch/scrubbed/yaaminiv/Manchester/analyses/trimgalore/multiqc_data_5'
[2021-02-07 22:19:56,440] multiqc                                            [DEBUG  ]  Moving data file from '/tmp/tmpsc8gq7t6/multiqc_data/multiqc_fastqc.txt' to '/gscratch/scrubbed/yaaminiv/Manchester/analyses/trimgalore/multiqc_data_5'
[2021-02-07 22:19:56,441] multiqc                                            [DEBUG  ]  Moving data file from '/tmp/tmpsc8gq7t6/multiqc_data/multiqc_general_stats.txt' to '/gscratch/scrubbed/yaaminiv/Manchester/analyses/trimgalore/multiqc_data_5'
[2021-02-07 22:19:56,442] multiqc                                            [DEBUG  ]  Moving data file from '/tmp/tmpsc8gq7t6/multiqc_data/multiqc_sources.txt' to '/gscratch/scrubbed/yaaminiv/Manchester/analyses/trimgalore/multiqc_data_5'
[2021-02-07 22:19:56,443] multiqc                                            [DEBUG  ]  Moving data file from '/tmp/tmpsc8gq7t6/multiqc_data/multiqc_data.json' to '/gscratch/scrubbed/yaaminiv/Manchester/analyses/trimgalore/multiqc_data_5'
[2021-02-07 22:19:58,031] multiqc                                            [INFO   ]  MultiQC complete
